0.46576240816869496
0.3835094575151595
0.4984050157525749
0.5848139575391738
1.2373836984826305
1.23752987687656
0.6125266633265478
0.5724932136984823
0.5244271560558295
1.2386227103898053
1.2397312089855015
1.2389702638216553
0.3965917687001731
0.3568367040518401
0.6021167300534807
1.2379186259494717
0.417574452202532
0.5971787297103832
0.570767829368143
0.39574937352298056
0.3783576857978821
0.38223075343604807
0.41311603059154633
0.3871738818738151
0.4446569207435236
0.490132173191718
0.45642905008629675
0.5502826124198759
0.4097696306123796
0.3645697726092969
0.6500986819325135
1.2436767724248168
0.38209882288664043
1.2378113457702078
0.4076636931808244
0.3723754235522615
1.2379652455822927
1.2383013628833435
1.2375016449879719
1.2377167921775474
1.2375993577123232
1.2378810665880418
0.5035922476904025
0.516313092362251
0.5301515355768079
1.237453773280306
0.5320739089165057
0.5854816663586921
0.382766984323064
1.2390878455777843
1.2394351077527885
1.2380895954615005
0.419785104278636
0.4460073706783684
0.6509966300867359
0.6040685855075442
0.4079175466345911
0.3840687601882272
1.23746071425099
0.45150542026064344
0.4749580209685591
0.6809505331705558
0.4421703657951971
0.49559540092196674
1.2391175833405836
0.4180625323746656
0.5573049564159763
0.3745080223856393
0.795972239344207
1.2376730153708917
1.237690848904925
1.2376207874020833
0.5878653958163068
1.2396250085993554
0.516876846098392
0.6085866789424542
0.415784667972789
0.5448529811129229
0.42771345306594366
0.49880160551500585
1.2378779175220687
0.5411026643302708
0.5788848678664755
1.2376739806329182
1.2374415746547038
1.237534210790153
0.6964789992653004
1.2648449222599998
1.2381973563442543
1.2382570786165241
1.2374181152274595
0.41983593158306287
0.42650342551457177
1.2382739438180979
0.704727540295828
0.42984922520741975
0.4049399360223307
0.41834854267054333
0.46385315677411576
0.5757287207477987
0.6202625362326982
0.4335936693607644
1.2381400819600483
1.2377832547543222
1.238131243317389
0.5174226752783666
1.237806510017745
1.2376756093264862
1.237432931010376
0.54069420293549
0.7042499147178101
1.237889762096026
0.5433505022384836
1.2405392483904536
1.2386614794281052
1.2378005785886277
1.2378236046972577
1.237778642061893
1.2381971125524016
1.23830715828814
0.5232740997568763
1.2376999885472497
0.4549274210798554
0.42356413536297943
0.5811862363609954
0.4298661343166439
1.2378489870414346
0.4689106791628075
0.6501546876215902
0.666495691270349
0.4130780390538852
1.2380691873414507
0.551731615677599
1.2376392360248463
0.4993354237890655
0.6022097159683291
0.44094286722679255
0.5265805848208369
1.2375671323756212
1.2375320154775855
0.5556771204541222
0.5305030565163129
1.237517913777549
0.36484518369107233
1.2382118345126454
0.5361837665748013
0.4413389139054532
1.2389987680365193
0.6329425400599874
0.7999161972622382
0.44216394944338067
0.5883595878517125
0.40620707990871696
0.41652538340156364
0.42405735960242663
0.5090980645503466
0.5740193709620389
0.5865022860853354
0.5430212126006134
1.238648826555644
0.3653931227391558
1.2377698911469983
1.23784417733054
1.2380849009511417
0.42526788256523895
0.4660304972539545
1.2375268383708184
1.2374417730123566
0.38501186600768167
0.4599433585527557
1.2373925158226506
1.2374108906529095
1.2378185051143655
0.5957445888336294
1.2375149574937443
1.2375508274097466
0.6051105869266796
1.2375767882279913
0.4477078855051698
0.45504995120686853
1.2398532026290634
1.2399856920513102
0.476986116732272
0.6030180142205642
1.2378870894855951
1.238301919910239
1.237889762096026
0.5495207557362937
0.5011584265743209
0.5524571178339354
1.237532938710989
0.3815574783226787
1.2376470771310786
1.2376520718097377
1.237580539015859
1.237509832769859
0.49114303370224033
0.4587688545136652
0.42456908693859885
0.46857425116557716
0.44846300225677893
0.40245886079349036
0.4561419088846941
1.237684244971387
0.4003318114159412
0.379013531702023
1.2376309293830592
1.23774733332121
1.23781567847178
1.2376663100191616
0.6211532110336893
0.5292915597398601
1.2392023801243972
0.5978284452037164
0.637247132351493
0.5489798265242398
1.2374457098066867
0.5896714271055634
0.6001173778044758
0.4896144700548043
0.6820744800995121
1.237686955374342
1.237462248417637
1.237535373209363
0.46018403018570253
0.43633873159611314
0.4257168068289531
0.5604307870274542
0.6584675599129607
1.2373970244160097
0.5076929876317521
0.5763702276997017
0.4108214123813221
0.703644604735732
0.41095808992887395
0.53728994524745
0.4052455487199318
1.2375677249782822
1.237555909146924
0.5499188932256558
0.4184717006524774
0.39586169150555117
0.4292056293691774
0.5214449419234213
1.2383023620591493
1.2375620119226878
1.2373930700270201
1.2374157269940556
1.2375210149856768
0.5777328088540291
1.2477094283465018
1.2408768756289879
1.2380210469206168
0.484747377962058
0.5159788230591924
0.48142235801221556
0.44796672237791024
0.39521223907365766
1.2376942898974859
1.2374940789205984
1.237662619555845
0.5610802930809689
0.42252070862548663
0.36646477267333466
1.2373901471289352
1.2374376695521396
0.38270732182861467
0.37927258758018534
0.5752496487339198
1.2374572165815416
1.237481254909716
1.2375240732648547
1.2398406961242254
1.239839131795278
0.38835270201884153
0.49782162260745866
0.5787689765888699
0.7524070366576836
1.2382240401564866
1.2378836937190583
0.6633370909366187
0.5266963206973474
0.5563756463076586
0.6727989193380403
1.2382090962908687
0.7244374796960746
0.503652970957134
1.2427161518528491
1.2401874130930954
1.237406780838197
0.39055834898003616
0.4727637398112935
0.6519875605990039
0.9461456846422791
1.2375451888998577
1.237497645271875
0.7418488973275768
0.4230827066745647
0.5779193766681544
0.39055834898003616
1.2374808005709899
1.2374497342136133
0.4882468514833077
1.2388589049368597
0.6143230151479101
1.2378716314870304
0.5752910852478252
0.48008238260967395
0.4331560676955436
0.44925694924583937
1.2380769215810736
0.3796411556892646
0.569893207176665
0.5741673823192956
1.2375768187019356
1.2375549498642402
0.408051761967005
0.3799175323466152
0.39826829851639767
0.4945719017290843
0.6329425400599874
0.7999161972622382
1.2373920003022876
0.5681145132299871
0.5067846077597081
0.41677683795403986
0.6857771798287349
0.4034768708124634
0.5450106880185336
0.7059360070602592
0.39825954018186793
0.4173620979696946
1.237546892393067
1.2375304852587443
1.2375928121410096
1.2375396329466526
1.2457052655836882
1.2419157761799016
1.2488423821867698
0.4262867978442917
0.5393286353224525
1.2376331747121252
1.2394851799441526
1.2387927300382786
0.382766984323064
0.39169521202596647
0.4891296033264301
1.2376654762568162
0.6325718246708044
0.45605762501187075
0.5390339936227141
1.2375016576739097
0.4312608185261467
0.3885176702169493
0.3798790797741628
1.2374591989921064
0.4148655980466054
0.5246855901326514
0.513926627758644
1.2375043270409316
1.2375841038896271
1.2375519867353708
0.4910026332435967
0.5436618987686949
0.3870342824211769
0.5759531975091543
0.5977857111474152
0.5907379798485658
1.2374585323515626
1.2373678933615346
0.5072799752159087
0.4512097860920362
1.2380845241364387
1.2375839720205444
1.2390012683770717
0.6885849455552266
1.2374507154282877
1.2375143012305623
1.2376293380201013
1.2375990677251076
1.240140664038237
1.2398355569251012
0.56269975563263
1.237509958647998
0.4370029747023654
0.5453720421025279
0.6702193669547292
0.6603850570615163
1.2376320236514156
0.4065291574620675
0.44344880736154524
0.4456138490325178
0.6926760688758369
0.525436601781112
0.39566552066870897
0.418689238603413
1.239486414785069
1.2405197421141942
0.47503931136050825
0.4189544935195112
1.2393200824832236
1.238192621155565
1.2380579553861237
1.2380811292935305
0.44637283871586864
0.4073183690335753
1.2396482718508521
0.5924833079152925
0.534874742500231
0.44918317962062226
0.6701252311006802
0.716409111699498
0.5595419058666171
1.237380314432464
0.42816173541880254
0.5218578123927298
1.237509786931999
0.5427712265562822
0.5002704756905764
0.39310295550257757
0.4063794283632616
1.2375457907601728
0.43109345333383564
1.2383422107985014
0.8333666803383695
0.769758385714045
1.2375577913513176
1.2374628837069133
0.5549202646612018
0.5415033733075009
1.2388869048539592
0.6632898763381897
0.841185981615419
0.510727769292119
1.238631674807086
0.5377357347923266
0.37459508614673387
0.6674302691147227
1.2384341757912747
0.5447581417313306
1.2392645076218138
1.2375173653389622
1.2373678933615346
0.5540633143211923
0.42827541724624263
1.2377480064259148
1.2373930700270201
1.2374157269940556
1.2390784712399359
0.3834926040382437
1.2381812443105198
0.45184785376050074
1.2375529626401969
1.2374988395270716
0.65937373096398
0.4403901071001405
0.5920758655953855
1.2373835078300484
0.48541344834178934
1.237528063076906
1.2378058548280644
0.45978893488922534
1.2374415746547038
1.237534210790153
0.3911831117162121
0.38760154147914916
0.46761162459416006
1.2706760932043926
0.39639732265812855
0.40284556538429706
0.4030368071510243
0.38512536084362736
0.4442567319005747
0.40416442181640866
0.5719773518841972
1.237423060639926
0.5867258801179839
1.2376746648651915
0.39682922531860254
0.37982597531318396
1.2375154226022878
0.6029748556293141
0.6709394652063707
0.5680264800216746
0.3839573779094283
0.4387602369852931
0.4911688312398973
0.41507889925902586
1.237525798805471
1.2378644775454806
0.6991779937178286
0.40356309384203015
0.3789112689441584
0.3912615302791812
0.7988002401589493
0.5008390201538647
0.4780248481169117
0.5692109786192255
0.6586756222939021
0.5651162133691271
0.629401392585347
1.2378833178274882
1.2374939924277095
0.4012215096890014
1.2385465981246297
0.3740248297198804
0.41700093260485016
0.42482489928756606
0.4995202996589828
0.674788352061909
0.3669053689572195
1.2380527540847486
0.6156262635854659
1.2396445401784781
1.2389186943439916
1.237892160995085
1.2376882098386732
1.2375791038780166
1.2380352558564665
1.2390041054087688
0.3702371745275064
0.48430369579555976
0.6194136807176575
0.577341739345069
0.5116176354444308
0.4349559959521092
1.2402444300184219
1.2386825946357007
1.2375841038896271
1.2375627828209745
1.2374511358878397
1.2374539220370186
0.5934998596912594
0.7320577961069533
0.6062698945199065
1.2376331747121252
0.5070980045720518
1.2401749867436556
0.41843322460641996
0.44894703493521193
1.2378230337726022
0.44625034066987734
1.2379004137076686
0.5243449979957477
0.6012679197339009
0.39633025779328
0.457811789952953
1.237822549929568
1.2374171000354968
1.237394657032444
0.41450532367780646
0.7418488973275768
1.2376063316964594
1.237453773280306
1.2375809411333263
1.2375338686970947
1.2376023657210171
1.2376485546323406
0.39055834898003616
0.4727637398112935
0.424905370045655
0.399654654987295
0.7053005501954372
1.2378455416857572
0.589008526333431
1.2374251604040283
1.2383375551192157
0.40259521190360004
0.8333666803383695
0.6905674736973897
1.2375665353864926
0.41714641688066145
0.6818032978363655
1.237510919754489
0.4169790363948457
0.4306237712333668
1.238008948905044
0.5189610719006318
1.2712555073258751
0.44441116363881916
1.2376224794675323
1.2374614186145498
0.4024043856634041
1.2379287078369279
1.23759213744338
1.2380919114808782
0.39940394593395245
0.3809175731149881
0.5416058095562944
0.5134019195566671
0.43412411568836107
0.49718453337661195
0.5054467418446664
0.44344880736154524
0.6437231305549044
0.4278997650525578
0.4000835991021727
0.5821558842691685
1.2374988765459884
1.2375362989476195
1.2377129875292896
1.2378933011821622
0.3846289177709151
0.7337653975841578
1.2375508274097466
1.2377754960893572
1.2383259255251529
1.23831525419803
0.6339760906177265
1.2374220782420846
1.2374390170543321
0.8994530898639894
0.6339760906177265
1.2374220782420846
0.40517607007317125
0.38501186600768167
0.5923246288095481
0.5157331941235549
1.2375806159856557
0.5692708465813262
0.5894498675890436
0.40570713665757074
0.457811789952953
0.44159293057790516
0.4760030819419738
0.38327289202221937
0.4136067846417647
0.5584478624330391
0.4881832077779341
0.4364969860877852
1.2386934558247784
1.2386848017799361
0.6125266633265478
0.47919862104988264
0.3972531044294556
0.42669636159977364
1.2384013634849063
1.2378582411920447
0.6222390347485459
0.8184312866011492
1.2374056315435367
1.2373681114132504
1.2375182161852147
0.6746690672420184
1.2386672742781293
0.46703713388169155
1.2376737373723874
1.2376810416293664
0.5972524419161752
0.575744962717663
1.243235389362542
0.4751214285496004
1.2374100510150863
1.237381559093769
0.424905370045655
1.2376955901189153
1.2380529095483537
0.4570944206612404
0.6196744976150432
1.2376654647597962
1.2377010927427547
0.6988668852445148
0.4184717006524774
0.39586169150555117
0.5134391489339606
0.4412242936102001
0.391777540802134
0.38768842482308197
0.4132773132694384
0.43506649531756647
0.7269471962674632
1.2392450035616682
0.39605474405825225
0.4149722701918632
1.2382276104095116
0.405488902764902
0.6372397031865064
0.5061903909449749
0.5096737256901834
0.39645703703480106
1.2375721196666394
1.2379081894099377
1.2375112811823716
1.2374612632089999
0.5709041078906657
0.4025119191357084
1.2374664953997294
1.237416972697152
1.2384167893929534
0.4469929049357535
1.2381515592768513
1.2381860087727337
0.4849893935034225
0.42554617200754785
0.47068071168065795
0.4057165532730608
0.3874652890341904
0.6096443763070172
1.237510317282437
0.5245226991031946
0.41930337686967556
1.2424572722264884
1.2399198526436028
1.2412366782922164
0.37872387286832476
1.237471041719005
0.5851549609610932
0.465181757519995
0.6446164703767049
1.2376725792010759
1.2383026097294492
1.2376795110065182
0.5018301890488344
0.49779726742240427
0.4272106849326851
0.5830881031124614
1.2375064036552217
0.4856037960068885
1.2374524067434807
1.2374123890357145
0.6707211926941534
0.555350379301997
1.2376643354233479
1.2378207340060148
0.5057804691581815
0.43069785633402813
0.7034951676069463
0.45480060524204646
0.46375988548861324
0.48317021122734016
0.5653344406609985
0.4832761188548401
0.4626056896161157
0.5863030208539984
1.2375145178494884
0.46703713388169155
0.41526510900797786
0.46287709301336266
0.382766984323064
0.39169521202596647
1.2381127919469919
0.5748384927298992
0.44059493207820755
0.36759272544609733
1.2378707529605248
1.2375951689077296
0.5432783531257643
0.45194470593626246
0.45119003240145805
1.2379808301392987
1.237453773280306
1.2383186853787596
0.55950863716538
1.238765492985384
1.240814094881709
1.2423296880020758
0.44216394944338067
0.5883595878517125
0.41843322460641996
0.44894703493521193
0.4776377909415148
0.5159721720661258
1.237436281741217
1.2374635720485656
0.6693933821110043
1.237594578336655
1.2869296617036252
0.7213807173249462
0.49416698050322694
0.4545138120898351
0.4116249942610135
0.5323193246268987
0.5293719057503029
0.6991563472938251
1.2387268713305501
1.2383643827131092
0.4995202996589828
1.2382278015639516
0.44689272986902917
0.5434261223985324
1.2374024278667688
0.7412858754961429
1.238073771314334
1.2374545570030993
0.4334728221244133
0.5859354301517201
1.2391937111195472
1.2416872774107495
0.4288126070322086
0.4028732951657248
1.2374783934530242
0.6161710966001727
0.5694159296494137
0.6251930512119005
1.243489148258881
1.2444307567856445
0.4189292990614172
0.4358809956904117
1.2374376695521396
0.4539565154220325
1.2374788974619502
1.2374674731052595
1.2430134637311763
0.4828308533714236
0.5393286353224525
0.4442135635295189
0.4103042435542448
0.38961270632389433
1.2375114621329215
0.7776818446972261
1.237450343842473
1.2375053942521252
1.2381300906635562
0.6279691047702568
1.2376297426308702
0.8284368913715603
0.6511661110232517
0.701243245580254
1.237425409453425
1.2374733493580516
0.42725143563474566
0.4221907927275882
1.2402184183872165
1.2380908378748827
1.2376483027374934
1.2375732103104846
1.2376733618734215
1.2375201965872964
1.237451419422446
1.2374383565894083
0.5977857111474152
0.5907379798485658
1.237906733356245
0.53198357380534
0.5008435914615453
1.2382806015425183
0.5800282704084385
0.5015297403501608
0.47120841327740026
1.2380371717899632
0.537755787194846
1.2398532026290634
1.2375596639979645
1.238050209972726
1.2374064317615046
1.2377028781693102
0.6926760688758369
0.525436601781112
0.6537436790917301
1.2374013293043622
1.2376068333390517
1.237711609784035
0.40891583736171855
0.36698643203123704
1.2375541316389844
0.6399396776812554
0.5644690375901419
0.39219536804881827
1.2536302111441362
1.2509077513998643
0.41434752582792256
0.44027771143798256
0.4015806702115292
0.3808999880954864
0.4602338689190931
0.4342380975097122
0.3669053689572195
1.2380527540847486
0.47812799916571624
1.2382118345126454
0.38512422616196307
0.38314416389888006
0.5244453029245869
1.2385105598288466
0.382304871012183
0.4886574872838859
1.2378824961852029
1.238009864046509
1.2388062624991951
0.43915533783703864
0.6179947964131339
0.4709122824516899
0.35629023400358883
0.47942827381038144
0.572522513505098
0.5806702223119082
1.2869296617036252
0.7213807173249462
0.6206224090348701
1.23750639846079
1.2373580543610576
1.2374453045379255
1.23860433497361
1.2383501689290768
0.4111140719954238
1.237910294605502
0.45441550783755635
0.45650744599063464
0.784297420527868
0.5865022860853354
0.4729550346405803
1.2373800056241062
0.39735476565475725
0.39563933412478236
0.5459421237754648
0.6396622619329764
0.4337484037774749
0.5634949791589855
0.4698552803838929
0.5366639345044092
1.237406780838197
1.2378726915648164
0.468890403109655
0.3939323787224186
0.6130290122493077
1.2374217698261722
1.245509880721102
0.4856003341870394
0.5556771204541222
0.5305030565163129
0.43660366704834597
0.4004363063469494
1.2383881507234413
0.5824015892129754
0.5192905630875853
0.5883035320763089
0.41154672675842674
0.4793350378340804
1.2377635599551957
1.2377716318091458
1.2381017511466008
0.41938813008380194
0.3659072875161863
0.5087636725035377
0.43933439992378065
0.46482743728761655
1.2381127919469919
1.238887110968407
0.531744909815368
0.5813224470013479
1.237438973761731
1.237417440708755
0.45682262230626247
1.2376225558601974
1.2380640907596325
0.7071102449715835
1.2374387661233706
0.5745536978291463
0.45251591996603024
0.5055649646712639
0.4576414526691228
0.7157364827551351
0.42748424078242575
1.2384917579619572
0.4331560676955436
0.44925694924583937
0.4765633466547132
0.5271846356685821
0.4488468129851084
0.4984050157525749
0.5254666253748976
0.4016091542977932
1.2381174221389857
0.7163764855361257
1.2376583752055736
0.3830396488259563
1.2423427271545744
1.2416115650009194
0.47018389846389896
0.3657123194143741
0.5680090295037957
0.6937465491697996
1.2386956447770499
0.7650987081752698
1.2376085756634334
1.2376483375747527
1.2392023801243972
0.5978284452037164
1.2373885765205672
1.2374285091263364
1.2378058548280644
0.45978893488922534
1.2374448138267233
1.2376083424223647
1.238768646114728
1.2394851799441526
0.45333918240009985
0.3876993022049614
0.4777815885256448
0.45903012967127366
1.2373836132508345
1.2374020584337575
0.4729550346405803
1.2373800056241062
0.39207921834661796
0.3839573779094283
0.5083591502584301
0.385682627242556
1.2399322802855277
1.239093157092894
1.2383594870286996
0.4485867804073653
0.44483800034627075
1.2377467476213715
0.4380920494267466
0.46452429275030327
0.4421703657951971
0.49559540092196674
0.49707762892424623
0.4836890152558593
1.237398284484546
1.2375731854926872
0.5753133421898746
1.2374986730401099
1.237631678995796
1.2378740522259652
1.2375224046896662
0.42803268485860346
1.2380229537581315
1.2377171388185968
1.2384383797174985
1.2383089059224193
0.45441550783755635
0.45650744599063464
0.45362308708489885
0.41161906127672787
1.238534418614571
1.238145587216056
1.2375708678803352
1.2374988395270716
1.2407054270298439
1.2409798527961096
1.2374116721940456
0.3799349915442757
0.59356543888386
0.7420258151612686
0.505777548094696
0.45259491063816804
1.2378213728967484
1.237591111995322
0.517439218283651
1.237685576959593
0.45545542879431855
0.43881269276257107
1.248824094131565
1.2426578834637696
0.511309279605452
0.40253561680241
1.2374300943425778
0.4323889029328365
0.4535828849785878
1.2382849362298674
0.4513017395528208
1.238600327281536
0.5653628505783628
0.5815239037747543
1.2375099575052368
1.2377871355643626
0.4788271037355627
0.5719093591723476
1.238029437180988
1.2381812443105198
1.2375240732648547
1.2376942898974859
1.2429138856076634
1.2400775266533022
1.237803505379676
0.4427100956106613
0.6324891786181244
0.5064128687531173
0.388928470267332
0.43782079244345284
0.39866555570129614
0.42938610841699776
0.5423523646058465
0.45160425695610673
1.237457281511792
1.2374666977743982
1.2387855252604665
1.2405392483904536
1.237950451731218
0.42330436022436513
1.2397191643916572
0.41260730236381404
1.2417439685420635
1.238138605636103
1.2375785399023405
0.5542003849780822
0.4058112004411989
1.2382539180074241
1.2374434764421067
1.2374081128148018
1.2375731363880675
1.2374003417842392
1.2374376695521396
0.4539565154220325
0.5282852855793309
0.4274929830489148
0.3653931227391558
1.2377698911469983
1.2377209331010937
1.2374948167016175
0.6677857396089752
0.5492730956131736
1.2379553882783865
0.5881864268310718
0.5691837928175567
0.4036327316817574
0.3551129775822215
0.5438313526264488
0.4867447390739603
0.4736248708996674
0.4556986952549744
0.41434752582792256
0.5059042087306755
1.2376417613909751
1.2414447953517433
1.2433414061642352
0.8082540431718694
1.2375043270409316
0.40885677384152397
0.42147486178051174
0.5915689077256897
0.6515015149457077
1.2375664605637484
1.2375902676824901
1.237857127184857
0.3873311641642666
1.238285920907232
1.2380691873414507
0.7130457273084574
1.2375664605637484
1.2375133072145337
1.2375354389822817
1.2377871355643626
1.237730682868648
0.41878782664149106
1.237407472348396
0.6079728150219498
0.4456448288144831
0.4787866814397471
0.38081754592093464
0.5579623865028875
0.5332682201562591
0.580951749909413
0.5224913244817676
1.237473055030624
1.2375422206919726
1.237421688060249
1.23739039120037
1.2384630604687534
0.6693809137429403
0.4793350378340804
0.4756471601783271
0.5988570461774491
0.7048926822903322
1.2383072250536495
0.4483419371225167
1.2666708822903665
1.260000122921646
0.39447330220238475
0.5887605239031302
0.45495161515600635
0.5262086704710427
0.5581508405607998
0.6012679197339009
0.5054467418446664
0.44344880736154524
0.6458205648284915
0.5958628055221544
1.2383434518261927
0.6189602479958589
0.4340506180429812
0.5702933797666422
1.2414447953517433
1.2433414061642352
0.4140847995816389
0.44381720984311424
0.6937465491697996
0.4865329898830406
0.3869530557444917
0.43826863959107054
0.3911831117162121
0.38760154147914916
0.47152117143185546
1.237421659288895
0.3966749024250903
0.4171233542692202
0.41043763034730063
0.6230254110706527
1.2383692524486607
0.5582465581931324
1.2374487950622162
0.5397554870873722
1.2380210469206168
1.2380926204617881
1.2375056130296058
1.2374489491287277
1.2377190436245251
0.5367758971475124
0.39409886898312774
0.6674302691147227
0.4502386723659694
0.42897766285624805
1.2384004835270985
1.238648487094605
0.7389553251690206
0.4335936693607644
0.45696946153755635
0.41240809190573324
1.2383101519371105
1.2382210392121884
0.4452855169990413
1.2380456589668904
0.4433480745954175
1.2375722067020545
0.4413590114353405
0.4576551719024491
1.2374080249944757
1.2375097057720124
1.2376374421487
1.2380163113164682
0.44207636955242924
0.6474436443216817
0.48382801587953217
0.5607265103787171
0.5224826472973253
1.2390321323827833
0.5625965094183567
1.2382374422256301
1.2377780258880609
0.39129509091659875
0.5450106880185336
0.4411801396110293
0.47503931136050825
0.4189544935195112
0.7532701775390126
0.46276194647324664
0.45041402247012563
0.3922707619224246
0.7130457273084574
1.2375664605637484
0.5591385623315844
0.4043405279454285
0.3850571433711377
0.379010947846506
0.46356870308666553
1.2377117145959056
0.43169857924567867
1.237936855737244
0.4105382675956142
0.4250468048468735
1.2380687360960623
1.2375306345925887
0.53728994524745
0.4407905285474506
0.4522670480167409
0.5772118063074787
0.7502817298082785
0.6243028373943422
0.4275962292637442
1.237501487631647
0.5883035320763089
0.556643492337166
0.3961940770732588
0.4693316029199449
0.4762579587364627
0.5547982764593692
1.2377102598808545
1.2376598129291299
1.2462602636144213
1.2486779883965058
0.5961179936275526
1.2378246232655963
1.2375758798968375
0.5688562648040738
0.5562699993406495
1.237409991475446
1.237649492513959
0.4780521868624783
0.4381651598517937
1.2376191819795441
0.49324614489431395
0.6583732073839614
1.2386807386805552
0.44806364026093304
1.237973354697643
1.2378895963361678
1.2399198526436028
1.2412366782922164
1.2392645076218138
1.2375173653389622
1.238858802064064
1.23762552873149
0.5446618085147776
0.38144825150599526
0.4221328512822464
0.5614423578042148
1.250654710583888
0.4790481892423203
0.8761598055702648
1.239966880581261
0.715720708170142
1.237812558125105
0.4171500384123854
0.40615411765626097
0.6803628465145815
0.5101819909151801
1.2375373772056197
1.2373710827781754
0.47794405982870547
0.40145770936982417
0.601708598456699
1.2409500367241777
0.7205654641844912
0.39239271856797453
1.2378748108889737
0.516313092362251
1.2378830739434212
1.237560902001776
1.2375569108160809
0.38327289202221937
0.46775916654639493
0.4231653032104332
0.4366493816025915
0.5126933660457411
1.2444119360798047
1.2619282847906526
0.4134410806522687
0.3993163994500729
0.5738402680781312
0.5537751251159665
0.5016576772988048
0.5160193958715698
1.237522293009628
1.2375812012468819
0.4633339093959091
0.5386965958127143
0.7385540278620788
1.238004239711816
1.2373880088568712
1.2373844274908286
1.2374981861727496
1.2375070632890286
0.4125807982972566
1.2375640086813748
0.7096724241778397
0.4189891849496241
1.2378328052874712
1.2378391192568472
1.238882059959209
1.237568109319294
0.44280007414334366
0.41352639332092167
0.5319728647320483
0.47614843910667226
0.5004794921212606
0.6871741722658707
1.2446386304211838
1.2419247236977033
0.7988002401589493
0.5008390201538647
0.4532270850697584
0.47545649153187475
1.237456957749267
1.237556919196412
0.4055670445703099
0.43633873159611314
0.4058781113134171
0.49825590260066976
1.2373836132508345
1.2374020584337575
1.2381239912124093
0.3806880239063548
1.2378939547557652
0.7757294182505705
0.6205631374669272
0.4537526455236308
1.2378538120818876
0.5540707931251408
0.4491207445468669
0.45348396295100923
0.4413590114353405
0.4576551719024491
0.383187863492909
0.42252070862548663
0.59356543888386
0.7420258151612686
1.2375750725452141
1.2374902571653799
1.2380017211331924
1.2383585017970584
0.5849863841394141
0.49759551019470527
0.5083520372101842
0.43114794591743644
1.2380691873414507
0.378292706017326
0.516154711432868
0.5525400562875582
0.44626246490207966
1.2374397374859567
0.5503887457696683
0.5221798925943696
0.4567144261514109
1.2375899128919425
0.5811325394041118
0.46296943581672967
0.5498018139482402
1.2380696857285869
0.5719328436009818
0.4552190313589526
0.38837374217280374
0.39877869961809564
0.5777328088540291
1.2376179250218617
0.5644589502836462
0.5824015892129754
1.2411816674753955
1.2475386479592105
0.4142998296433337
0.5115674268325549
0.38010122425566595
0.5342878199885515
0.42356413536297943
0.7134675940013684
0.47108096848175574
1.239323850909374
1.2377111214622698
1.2377483403002647
1.2379652455822927
1.2383013628833435
0.38112804482312546
1.2374064317615046
0.5506575782410795
0.5859947183542009
1.239411770256026
1.2394343909688774
1.2391397142541116
1.2390278126559378
0.4738579931081729
0.7595092831852912
0.48410495276741294
0.5131753000344432
1.2376167448492996
1.2374464991163676
1.23736183095799
1.237382640508834
1.2378475997847884
1.238832432133365
1.2399030081277407
1.2382652776758523
1.2427264476101598
0.5201919994438802
1.2378538120818876
0.5540707931251408
1.2378713138197601
1.2378830739434212
1.237478194460482
0.4960806867581251
1.2375948604745644
0.6425913048055015
0.5563756463076586
0.5573049564159763
1.2380288241468982
0.490462144263481
0.5782366065625999
0.4760333290191383
1.2379504801272212
1.2374492636220966
1.2374437135501206
1.237497310462543
0.6014912412494297
1.2405144163777815
0.5842935604560979
0.5128446533935361
0.516087496924486
0.6700946903322572
0.5086584623897923
1.2376083942280651
1.2376691867359537
1.238342197130979
0.576882398437682
1.2383510539660985
1.2374073715131362
1.237408938127606
0.6202625362326982
0.4335936693607644
1.2379856044823063
1.2381971125524016
0.6143230151479101
1.2378716314870304
0.5404937636122291
0.4311342457503772
0.666495691270349
1.2379001634057956
0.42391041685744024
1.2375692818502793
1.2376725792010759
0.4574791765708863
1.2383692524486607
0.5582465581931324
0.7320384297339084
0.7034044840889653
0.4657438810627855
0.4491241503073502
0.621204637044449
1.2379904229661363
0.40463502370765114
0.505891386813621
0.3890967900986614
1.2377423129244263
0.38027609480165403
1.2385650271935846
0.3958807530044339
0.43129679019227507
0.9027324654855511
0.7189103977659231
1.2380456589668904
0.4190135805317834
1.2387160540978663
0.5037986197806997
0.542960905290172
0.520450431741429
1.2417661443356143
1.24800834038789
1.2401620848166912
0.4785119479686155
1.2374786631011738
1.237628109320101
0.4671971961600372
1.2377379072008137
0.44966421185879357
0.8452651476332522
1.2421636349503995
1.242227305167423
0.5099346312510109
1.2375187896608801
1.2374964291192925
0.5912797504331209
0.39767427969048086
0.3826894983810736
1.237757560513794
0.597881465010236
1.2375504321488957
1.2376503479544088
0.4159515019209288
0.62047929840756
1.2374981861727496
1.2375070632890286
0.5694662931324831
0.6097268410841198
0.41870883450561336
1.2375880358589273
1.2378939365176942
0.6322133237067987
1.238201483808107
0.5957809243039608
0.587175976132793
0.43466363856728185
1.2374504869314378
0.6029467328320407
0.8662201161844111
1.2378933011821622
0.6116480907383143
1.2375230561855761
1.2380814445602586
1.2382276104095116
0.6207362511093919
0.46574883376593645
0.38431089171357447
0.39063976856259375
1.2456062862273511
1.2446386304211838
1.2374208240374895
0.613861136003272
0.5542892345778657
0.4313713145017506
1.2376100828536793
1.2377484947477297
1.2374517656133317
1.2375399737699324
1.2375758798968375
0.5688562648040738
0.6040284232269865
0.5222931965596623
1.2376402054655113
1.238247831068644
0.4157033424026182
0.40665583386782267
1.237590589321066
0.4975443998833956
0.5262086704710427
0.4370056490321801
0.56269975563263
1.2375069808593127
0.5411685895008183
0.41504621593167157
1.2377647678313617
1.2376270597698966
1.2386304496620395
1.2380237051714236
0.41504621593167157
0.3787951881420729
1.237857127184857
0.3873311641642666
0.3802987633187562
1.2375771983794908
1.2379553882783865
0.5881864268310718
1.2378573824271266
0.38824785884585233
0.4643116605606997
0.7559880587963982
1.238882059959209
1.2383546511838244
1.2374344055392692
0.5949811047781918
1.237950451731218
0.42330436022436513
0.644740243039731
1.2374691511919884
0.551731615677599
1.2375649067622339
0.409753620451469
0.3639784210825854
0.4463313572099168
0.48984086924612635
0.600895900246694
1.2387232308029206
0.5644589502836462
0.5824015892129754
0.5513079774534436
0.7652498231039166
1.2377651937738865
0.5347838660147445
0.5752910852478252
0.48008238260967395
0.5894693615074635
0.4665717260091179
0.3860373884913836
1.2384927373761756
0.5994090222048372
0.5344032937208377
0.3798790797741628
1.237486125407125
1.2384167893929534
0.4469929049357535
1.2384354974369223
1.237477309792813
0.38366394412373617
0.3862781982113175
0.5134391489339606
0.4412242936102001
1.237551570096607
0.39358348044873204
0.5438080180586164
0.5923859921343788
0.5177849418599109
0.4339348429861085
0.46787555581989104
0.48716128511060464
0.7203503260679436
0.38314416389888006
1.2426376986332972
1.2391937111195472
0.5745934454152323
0.4527364306154521
0.5184290941259253
1.23786656103949
0.5359738043579862
0.6960210112849419
1.237819605315908
1.2378987739326885
1.237478169700393
0.8440989845176645
1.2373839612626418
0.6217677922088723
0.5667392513950075
0.43881269276257107
0.6667800689477078
0.6415457329973091
1.2380354468264783
0.6065384271885966
0.5141458066097537
0.5246979587803504
0.6679377413896289
0.5200644822559211
1.2374749431566523
1.237449761674783
1.239475309343068
1.2416427344847796
0.8749886737499728
0.5820189177796087
1.2377564440133046
0.49772373293067385
1.2373602103028118
1.2374129605433022
0.41941110483386035
0.45830875901888535
1.237516438365631
1.2379334718370794
0.39201282025581075
0.43226614676856645
0.6234868144722726
0.5149796556022356
1.237457281511792
1.2374666977743982
0.5188989011333947
0.4541278835113821
1.2396482718508521
0.5924833079152925
0.7418488973275768
0.4230827066745647
0.41983593158306287
1.237525996574441
0.3876662299538768
0.49001750775937913
1.2375549498642402
1.2374506339797597
0.3802987633187562
1.2375771983794908
0.5653628505783628
0.5815239037747543
0.5867258801179839
1.237846358387348
0.4643116605606997
0.7559880587963982
1.2373895383629367
0.4841024205479225
0.42238115167902457
1.2383696625541523
0.6437570414929442
0.5761904464603096
1.2382964452207368
0.620508897418052
0.5159257866417852
0.5534649104898134
1.2374488453499533
0.6711560857685309
1.2377597560687954
1.2376364361162282
1.2375970049395162
1.2377469477797285
0.7082103953932476
0.5049441349542008
1.2391175833405836
0.4180625323746656
1.2375437565092529
0.5800224709644716
1.2429138856076634
0.42394737608287825
0.5094089717788326
1.2375149574937443
1.2376014415295284
1.2388504383529346
